<?xml version="1.0" encoding="UTF-8"?>
<testng-results ignored="0" total="0" passed="0" failed="0" skipped="0">
  <reporter-output>
  </reporter-output>
  <suite started-at="2024-02-06T17:32:10 IST" name="Suite" finished-at="2024-02-06T17:32:10 IST" duration-ms="0">
    <groups>
      <group name="my-group">
        <method signature="ErrorValidationsTest.LoginErrorValidation()[pri:0, instance:seleniumautomation.tests.ErrorValidationsTest@5f9be66c]" name="LoginErrorValidation" class="seleniumautomation.tests.ErrorValidationsTest"/>
      </group> <!-- my-group -->
      <group name="purchaseOrder">
        <method signature="SubmitOrderTest.findDesiredProduct(java.util.HashMap)[pri:0, instance:seleniumautomation.tests.SubmitOrderTest@401f7633]" name="findDesiredProduct" class="seleniumautomation.tests.SubmitOrderTest"/>
      </group> <!-- purchaseOrder -->
    </groups>
  </suite> <!-- Suite -->
</testng-results>
