<?xml version="1.0" encoding="UTF-8"?>
<!-- Generated by org.testng.reporters.JUnitXMLReporter -->
<testsuite ignored="1" hostname="LAPTOP-TRQKOD4E" failures="0" tests="1" name="SubmitOrder Test" time="24.064" errors="0" timestamp="2024-02-03T20:18:43 IST">
  <testcase classname="seleniumautomation.tests.SubmitOrderTest" name="findDesiredProduct" time="10.421"/>
  <testcase classname="seleniumautomation.tests.SubmitOrderTest" name="verifyOrdersHistory" time="0.0">
    <ignored/>
  </testcase> <!-- verifyOrdersHistory -->
</testsuite> <!-- SubmitOrder Test -->
