<?xml version="1.0" encoding="UTF-8"?>
<!-- Generated by org.testng.reporters.JUnitXMLReporter -->
<testsuite ignored="2" hostname="LAPTOP-TRQKOD4E" failures="0" tests="2" name="Test" time="36.893" errors="0" timestamp="2024-02-07T17:40:34 IST">
  <testcase classname="seleniumautomation.tests.SubmitOrderTest" name="findDesiredProduct" time="9.893"/>
  <testcase classname="seleniumautomation.tests.SubmitOrderTest" name="findDesiredProduct" time="10.41"/>
  <testcase classname="seleniumautomation.tests.SubmitOrderTest" name="verifyOrdersHistory" time="0.0">
    <ignored/>
  </testcase> <!-- verifyOrdersHistory -->
  <testcase classname="seleniumautomation.tests.ErrorValidationsTest" name="LoginErrorValidation" time="0.0">
    <ignored/>
  </testcase> <!-- LoginErrorValidation -->
</testsuite> <!-- Test -->
