<?xml version="1.0" encoding="UTF-8"?>
<testsuite xmlns:xsi="http://www.w3.org/2001/XMLSchema-instance" xsi:noNamespaceSchemaLocation="https://maven.apache.org/surefire/maven-surefire-plugin/xsd/surefire-test-report-3.0.xsd" version="3.0" name="TestSuite" time="54.881" tests="4" errors="0" skipped="1" failures="1">
  <properties>
[...]
</properties>
  <testcase name="findDesiredProduct[{password=Password@123/, email=rahulkumar1998@gmail.com, productName=IPHONE 13 PRO}](1)" classname="seleniumautomation.tests.SubmitOrderTest" time="11.67">
    <system-out><![CDATA[| 65c7565ea86f8f74dc7414e6 |
THANKYOU FOR THE ORDER.
The order id of the product is : | 65c7565ea86f8f74dc7414e6 | and the message is : THANKYOU FOR THE ORDER.
]]></system-out>
    <system-err><![CDATA[SLF4J(W): No SLF4J providers were found.
SLF4J(W): Defaulting to no-operation (NOP) logger implementation
SLF4J(W): See https://www.slf4j.org/codes.html#noProviders for further details.
]]></system-err>
  </testcase>
  <testcase name="findDesiredProduct[{password=Password@12345/, email=rahulkumar1996@gmail.com, productName=ADIDAS ORIGINAL}](2)" classname="seleniumautomation.tests.SubmitOrderTest" time="12.349">
    <system-out><![CDATA[| 65c75670a86f8f74dc741518 |
THANKYOU FOR THE ORDER.
The order id of the product is : | 65c75670a86f8f74dc741518 | and the message is : THANKYOU FOR THE ORDER.
]]></system-out>
  </testcase>
  <testcase name="LoginErrorValidation" classname="seleniumautomation.tests.ErrorValidationsTest" time="0.0">
    <skipped message="expected [Incorrect email or password.] but found [Incorrect email email or password.]"/>
  </testcase>
  <testcase name="LoginErrorValidation" classname="seleniumautomation.tests.ErrorValidationsTest" time="2.339">
    <failure message="expected [Incorrect email or password.] but found [Incorrect email email or password.]" type="java.lang.AssertionError"><![CDATA[java.lang.AssertionError: expected [Incorrect email or password.] but found [Incorrect email email or password.]
	at org.testng.Assert.fail(Assert.java:111)
	at org.testng.Assert.failNotEquals(Assert.java:1578)
	at org.testng.Assert.assertEqualsImpl(Assert.java:150)
	at org.testng.Assert.assertEquals(Assert.java:132)
	at org.testng.Assert.assertEquals(Assert.java:656)
	at org.testng.Assert.assertEquals(Assert.java:666)
	at seleniumautomation.tests.ErrorValidationsTest.LoginErrorValidation(ErrorValidationsTest.java:24)
	at java.base/jdk.internal.reflect.DirectMethodHandleAccessor.invoke(DirectMethodHandleAccessor.java:103)
	at java.base/java.lang.reflect.Method.invoke(Method.java:580)
	at org.testng.internal.invokers.MethodInvocationHelper.invokeMethod(MethodInvocationHelper.java:139)
	at org.testng.internal.invokers.TestInvoker.invokeMethod(TestInvoker.java:664)
	at org.testng.internal.invokers.TestInvoker.retryFailed(TestInvoker.java:249)
	at org.testng.internal.invokers.MethodRunner.runInSequence(MethodRunner.java:76)
	at org.testng.internal.invokers.TestInvoker$MethodInvocationAgent.invoke(TestInvoker.java:961)
	at org.testng.internal.invokers.TestInvoker.invokeTestMethods(TestInvoker.java:201)
	at org.testng.internal.invokers.TestMethodWorker.invokeTestMethods(TestMethodWorker.java:148)
	at org.testng.internal.invokers.TestMethodWorker.run(TestMethodWorker.java:128)
	at java.base/java.util.ArrayList.forEach(ArrayList.java:1596)
	at org.testng.TestRunner.privateRun(TestRunner.java:819)
	at org.testng.TestRunner.run(TestRunner.java:619)
	at org.testng.SuiteRunner.runTest(SuiteRunner.java:443)
	at org.testng.SuiteRunner$SuiteWorker.run(SuiteRunner.java:481)
	at org.testng.internal.thread.ThreadUtil.lambda$execute$0(ThreadUtil.java:58)
	at java.base/java.util.concurrent.FutureTask.run(FutureTask.java:317)
	at java.base/java.util.concurrent.ThreadPoolExecutor.runWorker(ThreadPoolExecutor.java:1144)
	at java.base/java.util.concurrent.ThreadPoolExecutor$Worker.run(ThreadPoolExecutor.java:642)
	at java.base/java.lang.Thread.run(Thread.java:1583)
]]></failure>
  </testcase>
</testsuite>